2020-07-26 17:33:38.327 ----> [restartedMain] ---> INFO  cn.jihui.ssm.ApplicationConfig - Starting ApplicationConfig on DESKTOP-PIDIM2S with PID 876 (C:\Users\jihui\IdeaProjects\springboot-hello\target\classes started by jihui in C:\Users\jihui\IdeaProjects\springboot-hello)
2020-07-26 17:33:38.334 ----> [restartedMain] ---> DEBUG cn.jihui.ssm.ApplicationConfig - Running with Spring Boot v2.2.2.RELEASE, Spring v5.2.2.RELEASE
2020-07-26 17:33:38.334 ----> [restartedMain] ---> INFO  cn.jihui.ssm.ApplicationConfig - The following profiles are active: dev
2020-07-26 17:33:38.435 ----> [restartedMain] ---> INFO  o.s.boot.devtools.restart.ChangeableUrls - The Class-Path manifest attribute in C:\Users\jihui\.m2\repository\com\oracle\ojdbc8\19.3.0.0\ojdbc8-19.3.0.0.jar referenced one or more files that do not exist: file:/C:/Users/jihui/.m2/repository/com/oracle/ojdbc8/19.3.0.0/oraclepki.jar
2020-07-26 17:33:38.435 ----> [restartedMain] ---> INFO  o.s.boot.devtools.restart.ChangeableUrls - The Class-Path manifest attribute in C:\Users\jihui\.m2\repository\cn\easyproject\orai18n\12.1.0.2.0\orai18n-12.1.0.2.0.jar referenced one or more files that do not exist: file:/C:/Users/jihui/.m2/repository/cn/easyproject/orai18n/12.1.0.2.0/orai18n-mapping.jar,file:/C:/Users/jihui/.m2/repository/cn/easyproject/orai18n/12.1.0.2.0/orai18n-utility.jar,file:/C:/Users/jihui/.m2/repository/cn/easyproject/orai18n/12.1.0.2.0/orai18n-collation.jar,file:/C:/Users/jihui/.m2/repository/cn/easyproject/orai18n/12.1.0.2.0/orai18n-translation.jar,file:/C:/Users/jihui/.m2/repository/cn/easyproject/orai18n/12.1.0.2.0/orai18n-net.jar,file:/C:/Users/jihui/.m2/repository/cn/easyproject/orai18n/12.1.0.2.0/orai18n-servlet.jar,file:/C:/Users/jihui/.m2/repository/cn/easyproject/orai18n/12.1.0.2.0/orai18n-lcsd.jar,file:/C:/Users/jihui/.m2/repository/cn/easyproject/orai18n/12.1.0.2.0/orai18n-tools.jar,file:/C:/Users/jihui/.m2/repository/cn/easyproject/orai18n/12.1.0.2.0/gdk_custom.jar
2020-07-26 17:33:38.435 ----> [restartedMain] ---> INFO  o.s.b.d.env.DevToolsPropertyDefaultsPostProcessor - Devtools property defaults active! Set 'spring.devtools.add-properties' to 'false' to disable
2020-07-26 17:33:38.435 ----> [restartedMain] ---> INFO  o.s.b.d.env.DevToolsPropertyDefaultsPostProcessor - For additional web related logging consider setting the 'logging.level.web' property to 'DEBUG'
2020-07-26 17:33:39.465 ----> [restartedMain] ---> INFO  o.s.d.r.config.RepositoryConfigurationDelegate - Multiple Spring Data modules found, entering strict repository configuration mode!
2020-07-26 17:33:39.465 ----> [restartedMain] ---> INFO  o.s.d.r.config.RepositoryConfigurationDelegate - Bootstrapping Spring Data Redis repositories in DEFAULT mode.
2020-07-26 17:33:39.522 ----> [restartedMain] ---> INFO  o.s.d.r.config.RepositoryConfigurationDelegate - Finished Spring Data repository scanning in 29ms. Found 0 Redis repository interfaces.
2020-07-26 17:33:39.968 ----> [restartedMain] ---> INFO  o.s.c.s.PostProcessorRegistrationDelegate$BeanPostProcessorChecker - Bean 'org.springframework.transaction.annotation.ProxyTransactionManagementConfiguration' of type [org.springframework.transaction.annotation.ProxyTransactionManagementConfiguration] is not eligible for getting processed by all BeanPostProcessors (for example: not eligible for auto-proxying)
2020-07-26 17:33:40.586 ----> [restartedMain] ---> INFO  o.s.boot.web.embedded.tomcat.TomcatWebServer - Tomcat initialized with port(s): 8090 (http)
2020-07-26 17:33:40.596 ----> [restartedMain] ---> INFO  org.apache.coyote.http11.Http11NioProtocol - Initializing ProtocolHandler ["http-nio-8090"]
2020-07-26 17:33:40.597 ----> [restartedMain] ---> INFO  org.apache.catalina.core.StandardService - Starting service [Tomcat]
2020-07-26 17:33:40.597 ----> [restartedMain] ---> INFO  org.apache.catalina.core.StandardEngine - Starting Servlet engine: [Apache Tomcat/9.0.29]
2020-07-26 17:33:40.736 ----> [restartedMain] ---> INFO  o.a.c.core.ContainerBase.[Tomcat].[localhost].[/] - Initializing Spring embedded WebApplicationContext
2020-07-26 17:33:40.736 ----> [restartedMain] ---> INFO  org.springframework.web.context.ContextLoader - Root WebApplicationContext: initialization completed in 2301 ms
2020-07-26 17:33:41.359 ----> [restartedMain] ---> WARN  com.alibaba.druid.pool.DruidAbstractDataSource - oracle.jdbc.driver.OracleDriver is deprecated.Having use oracle.jdbc.OracleDriver.
2020-07-26 17:33:41.889 ----> [restartedMain] ---> INFO  io.lettuce.core.EpollProvider - Starting without optional epoll library
2020-07-26 17:33:41.891 ----> [restartedMain] ---> INFO  io.lettuce.core.KqueueProvider - Starting without optional kqueue library
2020-07-26 17:33:54.011 ----> [restartedMain] ---> WARN  o.s.b.w.s.c.AnnotationConfigServletWebServerApplicationContext - Exception encountered during context initialization - cancelling refresh attempt: org.springframework.beans.factory.BeanCreationException: Error creating bean with name 'enableRedisKeyspaceNotificationsInitializer' defined in org.springframework.session.data.redis.config.annotation.web.http.RedisHttpSessionConfiguration: Invocation of init method failed; nested exception is org.springframework.data.redis.RedisConnectionFailureException: Unable to connect to Redis; nested exception is io.lettuce.core.RedisConnectionException: Unable to connect to 192.168.64.128:6379
2020-07-26 17:33:54.011 ----> [restartedMain] ---> INFO  com.alibaba.druid.pool.DruidDataSource - {dataSource-0} closing ...
2020-07-26 17:33:54.227 ----> [restartedMain] ---> INFO  org.apache.catalina.core.StandardService - Stopping service [Tomcat]
2020-07-26 17:33:54.297 ----> [restartedMain] ---> INFO  o.s.b.a.l.ConditionEvaluationReportLoggingListener - 

Error starting ApplicationContext. To display the conditions report re-run your application with 'debug' enabled.
2020-07-26 17:33:54.312 ----> [restartedMain] ---> ERROR org.springframework.boot.SpringApplication - Application run failed
org.springframework.beans.factory.BeanCreationException: Error creating bean with name 'enableRedisKeyspaceNotificationsInitializer' defined in org.springframework.session.data.redis.config.annotation.web.http.RedisHttpSessionConfiguration: Invocation of init method failed; nested exception is org.springframework.data.redis.RedisConnectionFailureException: Unable to connect to Redis; nested exception is io.lettuce.core.RedisConnectionException: Unable to connect to 192.168.64.128:6379
	at org.springframework.beans.factory.support.AbstractAutowireCapableBeanFactory.initializeBean(AbstractAutowireCapableBeanFactory.java:1796)
	at org.springframework.beans.factory.support.AbstractAutowireCapableBeanFactory.doCreateBean(AbstractAutowireCapableBeanFactory.java:595)
	at org.springframework.beans.factory.support.AbstractAutowireCapableBeanFactory.createBean(AbstractAutowireCapableBeanFactory.java:517)
	at org.springframework.beans.factory.support.AbstractBeanFactory.lambda$doGetBean$0(AbstractBeanFactory.java:323)
	at org.springframework.beans.factory.support.DefaultSingletonBeanRegistry.getSingleton(DefaultSingletonBeanRegistry.java:222)
	at org.springframework.beans.factory.support.AbstractBeanFactory.doGetBean(AbstractBeanFactory.java:321)
	at org.springframework.beans.factory.support.AbstractBeanFactory.getBean(AbstractBeanFactory.java:202)
	at org.springframework.beans.factory.support.DefaultListableBeanFactory.preInstantiateSingletons(DefaultListableBeanFactory.java:879)
	at org.springframework.context.support.AbstractApplicationContext.finishBeanFactoryInitialization(AbstractApplicationContext.java:878)
	at org.springframework.context.support.AbstractApplicationContext.refresh(AbstractApplicationContext.java:550)
	at org.springframework.boot.web.servlet.context.ServletWebServerApplicationContext.refresh(ServletWebServerApplicationContext.java:141)
	at org.springframework.boot.SpringApplication.refresh(SpringApplication.java:747)
	at org.springframework.boot.SpringApplication.refreshContext(SpringApplication.java:397)
	at org.springframework.boot.SpringApplication.run(SpringApplication.java:315)
	at org.springframework.boot.SpringApplication.run(SpringApplication.java:1226)
	at org.springframework.boot.SpringApplication.run(SpringApplication.java:1215)
	at cn.jihui.ssm.ApplicationConfig.main(ApplicationConfig.java:27)
	at sun.reflect.NativeMethodAccessorImpl.invoke0(Native Method)
	at sun.reflect.NativeMethodAccessorImpl.invoke(NativeMethodAccessorImpl.java:62)
	at sun.reflect.DelegatingMethodAccessorImpl.invoke(DelegatingMethodAccessorImpl.java:43)
	at java.lang.reflect.Method.invoke(Method.java:498)
	at org.springframework.boot.devtools.restart.RestartLauncher.run(RestartLauncher.java:49)
Caused by: org.springframework.data.redis.RedisConnectionFailureException: Unable to connect to Redis; nested exception is io.lettuce.core.RedisConnectionException: Unable to connect to 192.168.64.128:6379
	at org.springframework.data.redis.connection.lettuce.LettuceConnectionFactory$SharedConnection.getNativeConnection(LettuceConnectionFactory.java:1199)
	at org.springframework.data.redis.connection.lettuce.LettuceConnectionFactory$SharedConnection.getConnection(LettuceConnectionFactory.java:1178)
	at org.springframework.data.redis.connection.lettuce.LettuceConnectionFactory.getSharedConnection(LettuceConnectionFactory.java:942)
	at org.springframework.data.redis.connection.lettuce.LettuceConnectionFactory.getConnection(LettuceConnectionFactory.java:353)
	at org.springframework.session.data.redis.config.annotation.web.http.RedisHttpSessionConfiguration$EnableRedisKeyspaceNotificationsInitializer.afterPropertiesSet(RedisHttpSessionConfiguration.java:331)
	at org.springframework.beans.factory.support.AbstractAutowireCapableBeanFactory.invokeInitMethods(AbstractAutowireCapableBeanFactory.java:1855)
	at org.springframework.beans.factory.support.AbstractAutowireCapableBeanFactory.initializeBean(AbstractAutowireCapableBeanFactory.java:1792)
	... 21 common frames omitted
Caused by: io.lettuce.core.RedisConnectionException: Unable to connect to 192.168.64.128:6379
	at io.lettuce.core.RedisConnectionException.create(RedisConnectionException.java:78)
	at io.lettuce.core.RedisConnectionException.create(RedisConnectionException.java:56)
	at io.lettuce.core.AbstractRedisClient.getConnection(AbstractRedisClient.java:234)
	at io.lettuce.core.RedisClient.connect(RedisClient.java:207)
	at org.springframework.data.redis.connection.lettuce.StandaloneConnectionProvider.lambda$getConnection$1(StandaloneConnectionProvider.java:115)
	at java.util.Optional.orElseGet(Optional.java:267)
	at org.springframework.data.redis.connection.lettuce.StandaloneConnectionProvider.getConnection(StandaloneConnectionProvider.java:115)
	at org.springframework.data.redis.connection.lettuce.LettuceConnectionFactory$SharedConnection.getNativeConnection(LettuceConnectionFactory.java:1197)
	... 27 common frames omitted
Caused by: io.netty.channel.ConnectTimeoutException: connection timed out: /192.168.64.128:6379
	at io.netty.channel.nio.AbstractNioChannel$AbstractNioUnsafe$1.run(AbstractNioChannel.java:261)
	at io.netty.util.concurrent.PromiseTask.runTask(PromiseTask.java:98)
	at io.netty.util.concurrent.ScheduledFutureTask.run(ScheduledFutureTask.java:150)
	at io.netty.util.concurrent.AbstractEventExecutor.safeExecute(AbstractEventExecutor.java:163)
	at io.netty.util.concurrent.SingleThreadEventExecutor.runAllTasks(SingleThreadEventExecutor.java:510)
	at io.netty.channel.nio.NioEventLoop.run(NioEventLoop.java:518)
	at io.netty.util.concurrent.SingleThreadEventExecutor$6.run(SingleThreadEventExecutor.java:1050)
	at io.netty.util.internal.ThreadExecutorMap$2.run(ThreadExecutorMap.java:74)
	at io.netty.util.concurrent.FastThreadLocalRunnable.run(FastThreadLocalRunnable.java:30)
	at java.lang.Thread.run(Thread.java:748)
